<?xml version="1.0" encoding="UTF-8" standalone="yes"?>
<?mso-application progid="Word.Document"?><w:wordDocument xmlns:w="http://schemas.microsoft.com/office/word/2003/wordml" xmlns:wx="http://schemas.microsoft.com/office/word/2003/auxHint" xmlns:o="urn:schemas-microsoft-com:office:office" xmlns:aml="http://schemas.microsoft.com/aml/2001/core" xmlns:dt="uuid:C2F41010-65B3-11d1-A29F-00AA00C14882" xmlns:v="urn:schemas-microsoft-com:vml" xmlns:w10="urn:schemas-microsoft-com:office:word" xmlns:number="urn:oasis:names:tc:opendocument:xmlns:datastyle:1.0" xml:space="preserve" w:embeddedObjPresent="no">
            <o:DocumentProperties xmlns:fo="urn:oasis:names:tc:opendocument:xmlns:xsl-fo-compatible:1.0"><o:Title/><o:Subject/><o:Keywords/><o:Description/><o:Category/><o:Author>rastapigna@desoz.com</o:Author><o:LastAuthor>rastapigna@desoz.com</o:LastAuthor><o:Manager/><o:Company/><o:HyperlinkBase/><o:Revision>1</o:Revision><o:TotalTime>2</o:TotalTime><o:LastPrinted/><o:Created>2019-09-17T20:06:00Z</o:Created><o:LastSaved>2019-09-18T05:46:00Z</o:LastSaved><o:Pages>1</o:Pages><o:Words>478</o:Words><o:Characters>3205</o:Characters><o:Paragraphs>6</o:Paragraphs></o:DocumentProperties><o:CustomDocumentProperties xmlns:fo="urn:oasis:names:tc:opendocument:xmlns:xsl-fo-compatible:1.0"><o:Editor dt:dt="string">LibreOffice/6.3.1.2$MacOSX_X86_64 LibreOffice_project/b79626edf0065ac373bd1df5c28bd630b4424273</o:Editor><o:Language dt:dt="string"/><o:AppVersion dt:dt="string">16.0000</o:AppVersion><o:DocSecurity dt:dt="string">0</o:DocSecurity><o:HyperlinksChanged dt:dt="string">false</o:HyperlinksChanged><o:LinksUpToDate dt:dt="string">false</o:LinksUpToDate><o:ScaleCrop dt:dt="string">false</o:ScaleCrop><o:ShareDoc dt:dt="string">false</o:ShareDoc></o:CustomDocumentProperties>
            <w:fonts><w:defaultFonts w:ascii="" w:h-ansi="" w:fareast="" w:cs=""/><w:font w:name="Arial Unicode MS"><w:family w:val="Swiss"/><w:pitch w:val=""/></w:font><w:font w:name="Arial"><w:family w:val="Roman"/><w:pitch w:val="variable"/></w:font><w:font w:name="Calibri"><w:family w:val="Roman"/><w:pitch w:val="variable"/></w:font><w:font w:name="Times New Roman"><w:family w:val="Roman"/><w:pitch w:val="variable"/></w:font><w:font w:name="Liberation Sans"><w:family w:val="Swiss"/><w:pitch w:val="variable"/></w:font><w:font w:name="Arial1"><w:family w:val="System"/><w:pitch w:val="variable"/></w:font><w:font w:name="Arial Unicode MS1"><w:family w:val="System"/><w:pitch w:val="variable"/></w:font><w:font w:name="Calibri1"><w:family w:val="System"/><w:pitch w:val="variable"/></w:font><w:font w:name="PingFang SC"><w:family w:val="System"/><w:pitch w:val="variable"/></w:font><w:font w:name="Tahoma"><w:family w:val="System"/><w:pitch w:val="variable"/></w:font><w:font w:name="Times New Roman1"><w:family w:val="System"/><w:pitch w:val="variable"/></w:font></w:fonts>
            
                <w:lists xmlns:fo="urn:oasis:names:tc:opendocument:xmlns:xsl-fo-compatible:1.0"><w:listDef w:listDefId="0"><w:lvl w:ilvl="0"><w:start w:val="1"/><w:nfc w:val="255"/><w:lvlText w:val="%1"/><w:lvlJc w:val="left"/><w:suff w:val="Nothing"/></w:lvl><w:lvl w:ilvl="1"><w:start w:val="1"/><w:nfc w:val="255"/><w:lvlText w:val="%2"/><w:lvlJc w:val="left"/><w:suff w:val="Nothing"/></w:lvl><w:lvl w:ilvl="2"><w:start w:val="1"/><w:nfc w:val="255"/><w:lvlText w:val="%3"/><w:lvlJc w:val="left"/><w:suff w:val="Nothing"/></w:lvl><w:lvl w:ilvl="3"><w:start w:val="1"/><w:nfc w:val="255"/><w:lvlText w:val="%4"/><w:lvlJc w:val="left"/><w:suff w:val="Nothing"/></w:lvl><w:lvl w:ilvl="4"><w:start w:val="1"/><w:nfc w:val="255"/><w:lvlText w:val="%5"/><w:lvlJc w:val="left"/><w:suff w:val="Nothing"/></w:lvl><w:lvl w:ilvl="5"><w:start w:val="1"/><w:nfc w:val="255"/><w:lvlText w:val="%6"/><w:lvlJc w:val="left"/><w:suff w:val="Nothing"/></w:lvl><w:lvl w:ilvl="6"><w:start w:val="1"/><w:nfc w:val="255"/><w:lvlText w:val="%7"/><w:lvlJc w:val="left"/><w:suff w:val="Nothing"/></w:lvl><w:lvl w:ilvl="7"><w:start w:val="1"/><w:nfc w:val="255"/><w:lvlText w:val="%8"/><w:lvlJc w:val="left"/><w:suff w:val="Nothing"/></w:lvl><w:lvl w:ilvl="8"><w:start w:val="1"/><w:nfc w:val="255"/><w:lvlText w:val="%9"/><w:lvlJc w:val="left"/><w:suff w:val="Nothing"/></w:lvl></w:listDef><w:listDef w:listDefId="1"><w:styleLink w:val="No_20_List"/><w:lvl w:ilvl="0"><w:start w:val="1"/><w:nfc w:val="255"/><w:lvlText w:val="%1."/><w:lvlJc w:val="left"/><w:suff w:val="Nothing"/></w:lvl><w:lvl w:ilvl="1"><w:start w:val="1"/><w:nfc w:val="255"/><w:lvlText w:val="%2."/><w:lvlJc w:val="left"/><w:suff w:val="Nothing"/></w:lvl><w:lvl w:ilvl="2"><w:start w:val="1"/><w:nfc w:val="255"/><w:lvlText w:val="%3."/><w:lvlJc w:val="left"/><w:suff w:val="Nothing"/></w:lvl><w:lvl w:ilvl="3"><w:start w:val="1"/><w:nfc w:val="255"/><w:lvlText w:val="%4."/><w:lvlJc w:val="left"/><w:suff w:val="Nothing"/></w:lvl><w:lvl w:ilvl="4"><w:start w:val="1"/><w:nfc w:val="255"/><w:lvlText w:val="%5."/><w:lvlJc w:val="left"/><w:suff w:val="Nothing"/></w:lvl><w:lvl w:ilvl="5"><w:start w:val="1"/><w:nfc w:val="255"/><w:lvlText w:val="%6."/><w:lvlJc w:val="left"/><w:suff w:val="Nothing"/></w:lvl><w:lvl w:ilvl="6"><w:start w:val="1"/><w:nfc w:val="255"/><w:lvlText w:val="%7."/><w:lvlJc w:val="left"/><w:suff w:val="Nothing"/></w:lvl><w:lvl w:ilvl="7"><w:start w:val="1"/><w:nfc w:val="255"/><w:lvlText w:val="%8."/><w:lvlJc w:val="left"/><w:suff w:val="Nothing"/></w:lvl><w:lvl w:ilvl="8"><w:start w:val="1"/><w:nfc w:val="255"/><w:lvlText w:val="%9."/><w:lvlJc w:val="left"/><w:suff w:val="Nothing"/></w:lvl></w:listDef><w:list w:ilfo="1"><w:ilst w:val="0"/></w:list><w:list w:ilfo="2"><w:ilst w:val="1"/></w:list></w:lists>
            
            <w:styles>
                <w:style w:styleId="default-paragraph-style" w:type="paragraph" w:default="on"><w:name w:val="default-paragraph-style"/><w:pPr xmlns:fo="urn:oasis:names:tc:opendocument:xmlns:xsl-fo-compatible:1.0"><w:adjustRightInd w:val="off"/><w:spacing/><w:ind/><w:widowControl w:val="off"/><w:pBdr/><w:ind/></w:pPr><w:rPr xmlns:fo="urn:oasis:names:tc:opendocument:xmlns:xsl-fo-compatible:1.0"><w:rFonts w:ascii="Calibri" w:h-ansi="Calibri" w:fareast="Calibri1" w:cs="Tahoma"/><w:sz w:val="24"/><w:lang w:val="pl-PL"/></w:rPr></w:style><w:style w:styleId="default-table-style" w:type="table" w:default="on"><w:name w:val="default-table-style"/><w:tblPr><w:tblInd xmlns:fo="urn:oasis:names:tc:opendocument:xmlns:xsl-fo-compatible:1.0" w:w="0" w:type="auto"/></w:tblPr></w:style><w:style w:styleId="Standard" w:type="paragraph"><w:basedOn w:val="default-paragraph-style"/><w:name w:val="Standard"/><w:pPr xmlns:fo="urn:oasis:names:tc:opendocument:xmlns:xsl-fo-compatible:1.0"><w:adjustRightInd w:val="off"/><w:jc w:val="left"/><w:spacing/><w:ind/><w:widowControl w:val="on"/><w:pBdr/><w:ind/></w:pPr><w:rPr xmlns:fo="urn:oasis:names:tc:opendocument:xmlns:xsl-fo-compatible:1.0"><w:rFonts w:fareast="Times New Roman1" w:cs="Times New Roman1"/></w:rPr></w:style><w:style w:styleId="Heading" w:type="paragraph"><w:basedOn w:val="Standard"/><w:name w:val="Heading"/><w:next w:val="Text_20_body"/><w:pPr xmlns:fo="urn:oasis:names:tc:opendocument:xmlns:xsl-fo-compatible:1.0"><w:adjustRightInd w:val="off"/><w:spacing w:before="239.841" w:after="120.204"/><w:ind/><w:widowControl w:val="off"/><w:pBdr/><w:ind/></w:pPr><w:rPr xmlns:fo="urn:oasis:names:tc:opendocument:xmlns:xsl-fo-compatible:1.0"><w:rFonts w:ascii="Liberation Sans" w:h-ansi="Liberation Sans" w:fareast="PingFang SC" w:cs="Arial Unicode MS1"/><w:sz w:val="28"/></w:rPr></w:style><w:style w:styleId="Text_20_body" w:type="paragraph"><w:basedOn w:val="Standard"/><w:name w:val="Text_20_body"/><w:pPr xmlns:fo="urn:oasis:names:tc:opendocument:xmlns:xsl-fo-compatible:1.0"><w:adjustRightInd w:val="off"/><w:spacing w:line-rule="auto" w:line="276" w:before="0" w:after="140.049"/><w:ind/><w:widowControl w:val="off"/><w:pBdr/><w:ind/></w:pPr></w:style><w:style w:styleId="List" w:type="paragraph"><w:basedOn w:val="Text_20_body"/><w:name w:val="List"/><w:rPr xmlns:fo="urn:oasis:names:tc:opendocument:xmlns:xsl-fo-compatible:1.0"><w:rFonts w:cs="Arial Unicode MS"/></w:rPr></w:style><w:style w:styleId="Caption" w:type="paragraph"><w:basedOn w:val="Standard"/><w:name w:val="Caption"/><w:pPr xmlns:fo="urn:oasis:names:tc:opendocument:xmlns:xsl-fo-compatible:1.0"><w:adjustRightInd w:val="off"/><w:spacing w:before="120.204" w:after="120.204"/><w:ind/><w:widowControl w:val="off"/><w:supressLineNumbers/><w:pBdr/><w:ind/></w:pPr><w:rPr xmlns:fo="urn:oasis:names:tc:opendocument:xmlns:xsl-fo-compatible:1.0"><w:rFonts w:cs="Arial Unicode MS"/><w:sz w:val="24"/><w:i/></w:rPr></w:style><w:style w:styleId="Index" w:type="paragraph"><w:basedOn w:val="Standard"/><w:name w:val="Index"/><w:pPr xmlns:fo="urn:oasis:names:tc:opendocument:xmlns:xsl-fo-compatible:1.0"><w:adjustRightInd w:val="off"/><w:spacing/><w:ind/><w:widowControl w:val="off"/><w:supressLineNumbers/><w:pBdr/><w:ind/></w:pPr><w:rPr xmlns:fo="urn:oasis:names:tc:opendocument:xmlns:xsl-fo-compatible:1.0"><w:rFonts w:cs="Arial Unicode MS"/></w:rPr></w:style><w:style w:styleId="Normal_20__28_Web_29_" w:type="paragraph"><w:basedOn w:val="Standard"/><w:name w:val="Normal_20__28_Web_29_"/><w:pPr xmlns:fo="urn:oasis:names:tc:opendocument:xmlns:xsl-fo-compatible:1.0"><w:adjustRightInd w:val="off"/><w:spacing w:before="280.098" w:after="280.098"/><w:ind/><w:widowControl w:val="off"/><w:pBdr/><w:ind/></w:pPr><w:rPr xmlns:fo="urn:oasis:names:tc:opendocument:xmlns:xsl-fo-compatible:1.0"><w:rFonts w:ascii="Times New Roman" w:h-ansi="Times New Roman"/></w:rPr></w:style><w:style w:styleId="Default_20_Paragraph_20_Font" w:type="character"><w:name w:val="Default_20_Paragraph_20_Font"/></w:style>
                <w:style w:styleId="P1" w:type="paragraph"><w:basedOn w:val="Normal_20__28_Web_29_"/><w:name w:val="P1"/><w:hidden w:val="on"/><w:pPr xmlns:fo="urn:oasis:names:tc:opendocument:xmlns:xsl-fo-compatible:1.0"><w:adjustRightInd w:val="off"/><w:jc w:val="distribute"/><w:spacing w:before="0" w:after="225.099"/><w:ind/><w:shd w:val="clear" w:color="auto" w:fill="ffffff"/><w:widowControl w:val="off"/><w:pBdr/><w:ind/></w:pPr><w:rPr xmlns:fo="urn:oasis:names:tc:opendocument:xmlns:xsl-fo-compatible:1.0"><w:rFonts w:ascii="Arial" w:h-ansi="Arial" w:cs="Arial1"/><w:sz w:val="21"/><w:color w:val="auto"/></w:rPr></w:style><w:style w:styleId="P2" w:type="paragraph"><w:basedOn w:val="Normal_20__28_Web_29_"/><w:name w:val="P2"/><w:hidden w:val="on"/><w:pPr xmlns:fo="urn:oasis:names:tc:opendocument:xmlns:xsl-fo-compatible:1.0"><w:adjustRightInd w:val="off"/><w:jc w:val="distribute"/><w:spacing w:before="0" w:after="225.099"/><w:ind/><w:shd w:val="clear" w:color="auto" w:fill="ffffff"/><w:widowControl w:val="off"/><w:pBdr/><w:ind/></w:pPr></w:style><w:style w:styleId="P3" w:type="paragraph"><w:basedOn w:val="Normal_20__28_Web_29_"/><w:name w:val="P3"/><w:hidden w:val="on"/><w:pPr xmlns:fo="urn:oasis:names:tc:opendocument:xmlns:xsl-fo-compatible:1.0"><w:adjustRightInd w:val="off"/><w:jc w:val="distribute"/><w:spacing w:before="0" w:after="225.099"/><w:ind/><w:shd w:val="clear" w:color="auto" w:fill="ffffff"/><w:widowControl w:val="off"/><w:pBdr/><w:ind/></w:pPr><w:rPr xmlns:fo="urn:oasis:names:tc:opendocument:xmlns:xsl-fo-compatible:1.0"><w:rFonts w:ascii="Arial" w:h-ansi="Arial" w:cs="Arial1"/><w:sz w:val="21"/><w:color w:val="auto"/></w:rPr></w:style><w:style w:styleId="T1" w:type="character"><w:name w:val="T1"/><w:hidden w:val="on"/><w:rPr xmlns:fo="urn:oasis:names:tc:opendocument:xmlns:xsl-fo-compatible:1.0"><w:rFonts w:ascii="Arial" w:h-ansi="Arial" w:cs="Arial1"/><w:sz w:val="21"/><w:color w:val="auto"/><w:lang w:val="en-US"/></w:rPr></w:style><w:style w:styleId="T2" w:type="character"><w:name w:val="T2"/><w:hidden w:val="on"/><w:rPr xmlns:fo="urn:oasis:names:tc:opendocument:xmlns:xsl-fo-compatible:1.0"><w:rFonts w:ascii="Arial" w:h-ansi="Arial" w:cs="Arial1"/><w:sz w:val="21"/><w:color w:val="auto"/></w:rPr></w:style>
                <w:style xmlns:fo="urn:oasis:names:tc:opendocument:xmlns:xsl-fo-compatible:1.0" w:type="character" w:styleId="Hyperlink"><w:name w:val="Hyperlink"/><w:rsid w:val="006A55B0"/><w:rPr><w:color w:val="000080"/><w:u w:val="single"/></w:rPr></w:style><w:style xmlns:fo="urn:oasis:names:tc:opendocument:xmlns:xsl-fo-compatible:1.0" w:type="character" w:styleId="FollowedHyperlink"><w:name w:val="FollowedHyperlink"/><w:rsid w:val="006A55B0"/><w:rPr><w:color w:val="800000"/><w:u w:val="single"/></w:rPr></w:style>
                
                <w:style xmlns:fo="urn:oasis:names:tc:opendocument:xmlns:xsl-fo-compatible:1.0" w:type="character" w:styleId="CommentReference"><w:name w:val="annotation reference"/><w:basedOn w:val="DefaultParagraphFont"/><w:semiHidden/><w:rsid w:val="007770B7"/><w:rPr><w:sz w:val="16"/><w:sz-cs w:val="16"/></w:rPr></w:style><w:style xmlns:fo="urn:oasis:names:tc:opendocument:xmlns:xsl-fo-compatible:1.0" w:type="paragraph" w:styleId="CommentText"><w:name w:val="annotation text"/><w:basedOn w:val="Normal"/><w:semiHidden/><w:rsid w:val="007770B7"/><w:pPr><w:pStyle w:val="CommentText"/></w:pPr><w:rPr><w:sz w:val="20"/><w:sz-cs w:val="20"/></w:rPr></w:style><w:style xmlns:fo="urn:oasis:names:tc:opendocument:xmlns:xsl-fo-compatible:1.0" w:type="paragraph" w:styleId="CommentSubject"><w:name w:val="annotation subject"/><w:basedOn w:val="CommentText"/><w:next w:val="CommentText"/><w:semiHidden/><w:rsid w:val="007770B7"/><w:pPr><w:pStyle w:val="CommentSubject"/></w:pPr><w:rPr><w:b/><w:b-cs/></w:rPr></w:style>
                
            </w:styles>
            
            <w:docPr xmlns:fo="urn:oasis:names:tc:opendocument:xmlns:xsl-fo-compatible:1.0"><w:displayBackgroundShape/><w:view w:val="print"/><w:zoom w:percent=""/><w:defaultTabStop w:val="708.183"/><w:docVars/></w:docPr>
            <w:body><w:p xmlns:fo="urn:oasis:names:tc:opendocument:xmlns:xsl-fo-compatible:1.0"><w:pPr><w:pStyle w:val="P2"/></w:pPr><w:r><w:rPr><w:rStyle w:val="T1"/></w:rPr><w:t>Lorem ipsum dolor sit amet, consectetur adipiscing elit. </w:t></w:r><w:r><w:rPr><w:rStyle w:val="T2"/></w:rPr><w:t>Donec et odio in metus dapibus pharetra at eget ex. Nulla egestas mauris vel magna consectetur venenatis id efficitur libero. Curabitur sit amet nisi non eros ultrices gravida a nec nibh. Class aptent taciti sociosqu ad litora torquent per conubia nostra, per inceptos himenaeos. Nulla molestie leo id libero faucibus, tincidunt elementum eros vulputate. Morbi sagittis ligula purus, vitae tincidunt libero porttitor ac. Nunc sagittis turpis neque, vitae pretium lacus tristique in. Pellentesque gravida urna vitae arcu porttitor laoreet. Morbi aliquam velit quis consectetur euismod. Etiam eget sem ut ex volutpat aliquet. Cras accumsan consectetur dui, a hendrerit libero aliquam eget. Etiam egestas rutrum enim. Suspendisse posuere neque tellus, ut lobortis lectus semper id. Nunc tempus orci eu tellus scelerisque, ac mollis sapien tempor.</w:t></w:r></w:p><w:p xmlns:fo="urn:oasis:names:tc:opendocument:xmlns:xsl-fo-compatible:1.0"><w:pPr><w:pStyle w:val="P1"/></w:pPr><w:r><w:t>Ut ante neque, aliquam ut ante et, malesuada pulvinar massa. Proin hendrerit bibendum ipsum, vel congue ipsum scelerisque et. In in dolor mauris. Phasellus ultricies, massa a consectetur rhoncus, metus tortor ultricies massa, sit amet consectetur sem sem eu nulla. Nam iaculis, neque nec suscipit fringilla, tellus mauris aliquet dui, in porttitor magna ipsum vel mauris. Suspendisse vel ornare erat, ut volutpat arcu. Pellentesque sagittis leo sit amet magna lacinia pretium a eu neque. Maecenas orci velit, congue nec venenatis a, laoreet et turpis. Nulla vitae augue lacinia est interdum maximus id id dui.</w:t></w:r></w:p><w:p xmlns:fo="urn:oasis:names:tc:opendocument:xmlns:xsl-fo-compatible:1.0"><w:pPr><w:pStyle w:val="P1"/></w:pPr></w:p><w:p xmlns:fo="urn:oasis:names:tc:opendocument:xmlns:xsl-fo-compatible:1.0"><w:pPr><w:pStyle w:val="Standard"/></w:pPr><w:r><w:t>Zażółć gęślą jaźń</w:t></w:r></w:p><w:p xmlns:fo="urn:oasis:names:tc:opendocument:xmlns:xsl-fo-compatible:1.0"><w:pPr><w:pStyle w:val="Standard"/></w:pPr><aml:annotation aml:id="1" w:type="Word.Bookmark.Start" w:name="_GoBack"/><aml:annotation aml:id="1" w:type="Word.Bookmark.End"/></w:p><w:p xmlns:fo="urn:oasis:names:tc:opendocument:xmlns:xsl-fo-compatible:1.0"><w:pPr><w:pStyle w:val="P1"/></w:pPr><w:r><w:t>Integer est ex, sagittis a commodo at, vehicula porttitor diam. Proin velit lorem, faucibus a fringilla ultrices, pretium sit amet ante. Ut in fringilla diam, eu viverra ligula. Praesent efficitur quis sem vel semper. In vehicula a metus non aliquam. Phasellus a purus sed mi cursus blandit. Maecenas fermentum semper augue, ac bibendum ante venenatis ut. Quisque fringilla elementum ex quis auctor. Maecenas tristique nulla ac dapibus dictum. Morbi ornare nunc leo, vitae congue augue vehicula nec. Fusce sodales leo eu accumsan mattis. Cras vehicula scelerisque ligula. Proin pretium vitae lacus maximus efficitur. Cras rhoncus faucibus ultricies. Duis luctus odio vitae orci elementum, vel gravida erat mattis.</w:t></w:r></w:p><w:p xmlns:fo="urn:oasis:names:tc:opendocument:xmlns:xsl-fo-compatible:1.0"><w:pPr><w:pStyle w:val="P1"/></w:pPr><w:r><w:t>In hendrerit hendrerit ornare. Mauris sed odio hendrerit, ullamcorper velit vitae, tristique metus. Etiam a malesuada justo. In in ultricies lorem, vitae egestas felis. Proin odio eros, molestie a mollis non, accumsan et odio. Morbi tempus dignissim libero in dapibus. In blandit posuere volutpat.</w:t></w:r></w:p><w:p xmlns:fo="urn:oasis:names:tc:opendocument:xmlns:xsl-fo-compatible:1.0"><w:pPr><w:pStyle w:val="P1"/></w:pPr><w:r><w:t>Maecenas nulla nibh, luctus vitae vulputate vitae, euismod ac massa. Phasellus vitae elementum elit, in molestie nibh. Suspendisse nec tempor felis. Suspendisse euismod aliquet dolor lobortis bibendum. Proin vitae libero in diam feugiat imperdiet. Nulla fermentum massa ut lectus dictum, sed porttitor turpis lacinia. Donec vel lorem augue. Cras faucibus leo sit amet quam imperdiet faucibus vel et magna. Etiam aliquet arcu ac leo malesuada mollis. Fusce laoreet magna vitae auctor fringilla. Nunc tristique odio eu pharetra hendrerit. Fusce nisl lorem, gravida eget ullamcorper in, interdum ut justo. Integer felis nunc, vulputate a ullamcorper ac, malesuada ac nibh.</w:t></w:r></w:p><w:sectPr><w:type w:val="next-page"/><w:pgSz xmlns:fo="urn:oasis:names:tc:opendocument:xmlns:xsl-fo-compatible:1.0" w:w="11907.5672" w:h="16839.9003" w:orient="portrait"/><w:pgMar xmlns:fo="urn:oasis:names:tc:opendocument:xmlns:xsl-fo-compatible:1.0" w:top="1416.933" w:bottom="1416.933" w:left="1416.933" w:gutter="0" w:right="1416.933"/><w:pgBorders xmlns:fo="urn:oasis:names:tc:opendocument:xmlns:xsl-fo-compatible:1.0" w:offset-from="text"/></w:sectPr></w:body>
        </w:wordDocument>